# JRE version: OpenJDK Runtime Environment (11.0.8+10) (build 11.0.8+10-b944.6842174)
# Java VM: OpenJDK 64-Bit Server VM (11.0.8+10-b944.6842174, mixed mode, tiered, compressed oops, g1 gc, windows-amd64)
Heap:
 garbage-first heap   total 180224K, used 113544K [0x00000000a0000000, 0x0000000100000000)
  region size 1024K, 13 young (13312K), 3 survivors (3072K)
 Metaspace       used 89944K, capacity 92689K, committed 92928K, reserved 1130496K
  class space    used 11472K, capacity 12473K, committed 12544K, reserved 1048576K
GC Heap History (20 events):
Event: 31.765 GC heap before
{Heap before GC invocations=67 (full 0):
 garbage-first heap   total 122880K, used 98507K [0x00000000a0000000, 0x0000000100000000)
  region size 1024K, 30 young (30720K), 5 survivors (5120K)
 Metaspace       used 73085K, capacity 75394K, committed 75520K, reserved 1114112K
  class space    used 9563K, capacity 10412K, committed 10496K, reserved 1048576K
}
Event: 31.801 GC heap after
{Heap after GC invocations=68 (full 0):
 garbage-first heap   total 149504K, used 74915K [0x00000000a0000000, 0x0000000100000000)
  region size 1024K, 2 young (2048K), 2 survivors (2048K)
 Metaspace       used 73085K, capacity 75394K, committed 75520K, reserved 1114112K
  class space    used 9563K, capacity 10412K, committed 10496K, reserved 1048576K
}
Event: 33.124 GC heap before
{Heap before GC invocations=69 (full 0):
 garbage-first heap   total 149504K, used 108707K [0x00000000a0000000, 0x0000000100000000)
  region size 1024K, 35 young (35840K), 2 survivors (2048K)
 Metaspace       used 75441K, capacity 77777K, committed 77824K, reserved 1116160K
  class space    used 9898K, capacity 10717K, committed 10752K, reserved 1048576K
}
Event: 33.156 GC heap after
{Heap after GC invocations=70 (full 0):
 garbage-first heap   total 149504K, used 77733K [0x00000000a0000000, 0x0000000100000000)
  region size 1024K, 5 young (5120K), 5 survivors (5120K)
 Metaspace       used 75441K, capacity 77777K, committed 77824K, reserved 1116160K
  class space    used 9898K, capacity 10717K, committed 10752K, reserved 1048576K
}
Event: 35.620 GC heap before
{Heap before GC invocations=70 (full 0):
 garbage-first heap   total 149504K, used 112549K [0x00000000a0000000, 0x0000000100000000)
  region size 1024K, 39 young (39936K), 5 survivors (5120K)
 Metaspace       used 77496K, capacity 79884K, committed 80000K, reserved 1118208K
  class space    used 10156K, capacity 11024K, committed 11136K, reserved 1048576K
}
Event: 35.661 GC heap after
{Heap after GC invocations=71 (full 0):
 garbage-first heap   total 149504K, used 82027K [0x00000000a0000000, 0x0000000100000000)
  region size 1024K, 5 young (5120K), 5 survivors (5120K)
 Metaspace       used 77496K, capacity 79884K, committed 80000K, reserved 1118208K
  class space    used 10156K, capacity 11024K, committed 11136K, reserved 1048576K
}
Event: 38.331 GC heap before
{Heap before GC invocations=72 (full 0):
 garbage-first heap   total 149504K, used 114795K [0x00000000a0000000, 0x0000000100000000)
  region size 1024K, 38 young (38912K), 5 survivors (5120K)
 Metaspace       used 78861K, capacity 81410K, committed 81536K, reserved 1120256K
  class space    used 10373K, capacity 11286K, committed 11392K, reserved 1048576K
}
Event: 38.361 GC heap after
{Heap after GC invocations=73 (full 0):
 garbage-first heap   total 149504K, used 83430K [0x00000000a0000000, 0x0000000100000000)
  region size 1024K, 2 young (2048K), 2 survivors (2048K)
 Metaspace       used 78861K, capacity 81410K, committed 81536K, reserved 1120256K
  class space    used 10373K, capacity 11286K, committed 11392K, reserved 1048576K
}
Event: 41.406 GC heap before
{Heap before GC invocations=73 (full 0):
 garbage-first heap   total 149504K, used 117222K [0x00000000a0000000, 0x0000000100000000)
  region size 1024K, 36 young (36864K), 2 survivors (2048K)
 Metaspace       used 80014K, capacity 82632K, committed 82816K, reserved 1120256K
  class space    used 10478K, capacity 11386K, committed 11392K, reserved 1048576K
}
Event: 41.422 GC heap after
{Heap after GC invocations=74 (full 0):
 garbage-first heap   total 180224K, used 86069K [0x00000000a0000000, 0x0000000100000000)
  region size 1024K, 5 young (5120K), 5 survivors (5120K)
 Metaspace       used 80014K, capacity 82632K, committed 82816K, reserved 1120256K
  class space    used 10478K, capacity 11386K, committed 11392K, reserved 1048576K
}
Event: 42.448 GC heap before
{Heap before GC invocations=75 (full 0):
 garbage-first heap   total 180224K, used 131125K [0x00000000a0000000, 0x0000000100000000)
  region size 1024K, 50 young (51200K), 5 survivors (5120K)
 Metaspace       used 83883K, capacity 86463K, committed 86784K, reserved 1124352K
  class space    used 10981K, capacity 11936K, committed 12032K, reserved 1048576K
}
Event: 42.468 GC heap after
{Heap after GC invocations=76 (full 0):
 garbage-first heap   total 180224K, used 88284K [0x00000000a0000000, 0x0000000100000000)
  region size 1024K, 5 young (5120K), 5 survivors (5120K)
 Metaspace       used 83883K, capacity 86463K, committed 86784K, reserved 1124352K
  class space    used 10981K, capacity 11936K, committed 12032K, reserved 1048576K
}
Event: 43.995 GC heap before
{Heap before GC invocations=76 (full 0):
 garbage-first heap   total 180224K, used 137436K [0x00000000a0000000, 0x0000000100000000)
  region size 1024K, 54 young (55296K), 5 survivors (5120K)
 Metaspace       used 85498K, capacity 88116K, committed 88192K, reserved 1126400K
  class space    used 11168K, capacity 12089K, committed 12160K, reserved 1048576K
}
Event: 44.015 GC heap after
{Heap after GC invocations=77 (full 0):
 garbage-first heap   total 180224K, used 92012K [0x00000000a0000000, 0x0000000100000000)
  region size 1024K, 6 young (6144K), 6 survivors (6144K)
 Metaspace       used 85498K, capacity 88116K, committed 88192K, reserved 1126400K
  class space    used 11168K, capacity 12089K, committed 12160K, reserved 1048576K
}
Event: 452.659 GC heap before
{Heap before GC invocations=78 (full 0):
 garbage-first heap   total 180224K, used 141164K [0x00000000a0000000, 0x0000000100000000)
  region size 1024K, 55 young (56320K), 6 survivors (6144K)
 Metaspace       used 89038K, capacity 91674K, committed 91776K, reserved 1128448K
  class space    used 11395K, capacity 12322K, committed 12416K, reserved 1048576K
}
Event: 453.091 GC heap after
{Heap after GC invocations=79 (full 0):
 garbage-first heap   total 180224K, used 94601K [0x00000000a0000000, 0x0000000100000000)
  region size 1024K, 3 young (3072K), 3 survivors (3072K)
 Metaspace       used 89038K, capacity 91674K, committed 91776K, reserved 1128448K
  class space    used 11395K, capacity 12322K, committed 12416K, reserved 1048576K
}
Event: 459.497 GC heap before
{Heap before GC invocations=79 (full 0):
 garbage-first heap   total 180224K, used 143753K [0x00000000a0000000, 0x0000000100000000)
  region size 1024K, 52 young (53248K), 3 survivors (3072K)
 Metaspace       used 89593K, capacity 92359K, committed 92544K, reserved 1130496K
  class space    used 11429K, capacity 12384K, committed 12416K, reserved 1048576K
}
Event: 459.621 GC heap after
{Heap after GC invocations=80 (full 0):
 garbage-first heap   total 180224K, used 101376K [0x00000000a0000000, 0x0000000100000000)
  region size 1024K, 7 young (7168K), 7 survivors (7168K)
 Metaspace       used 89593K, capacity 92359K, committed 92544K, reserved 1130496K
  class space    used 11429K, capacity 12384K, committed 12416K, reserved 1048576K
}
Event: 461.334 GC heap before
{Heap before GC invocations=81 (full 0):
 garbage-first heap   total 180224K, used 114688K [0x00000000a0000000, 0x0000000100000000)
  region size 1024K, 20 young (20480K), 7 survivors (7168K)
 Metaspace       used 89672K, capacity 92376K, committed 92544K, reserved 1130496K
  class space    used 11430K, capacity 12387K, committed 12416K, reserved 1048576K
}
Event: 461.384 GC heap after
{Heap after GC invocations=82 (full 0):
 garbage-first heap   total 180224K, used 104328K [0x00000000a0000000, 0x0000000100000000)
  region size 1024K, 3 young (3072K), 3 survivors (3072K)
 Metaspace       used 89672K, capacity 92376K, committed 92544K, reserved 1130496K
  class space    used 11430K, capacity 12387K, committed 12416K, reserved 1048576K
}

